<?xml version="1.0" encoding="utf-8"?><testsuites><testsuite errors="0" failures="0" hostname="DESKTOP-U2PNPD2" name="pytest" skipped="0" tests="0" time="0.016" timestamp="2020-04-18T22:45:29.699806"></testsuite></testsuites>