<?xml version="1.0" encoding="utf-8"?><testsuites><testsuite errors="0" failures="0" hostname="DESKTOP-U2PNPD2" name="pytest" skipped="0" tests="0" time="0.012" timestamp="2019-12-25T23:11:13.330471"></testsuite></testsuites>